<?xml version="1.0" encoding="UTF-8"?>
<!-- Generated by org.testng.reporters.JUnitReportReporter -->
<testsuite hostname="DESKTOP-LIQQI1V" failures="0" tests="1" name="tsestone.TestUploadedImage.TestImage" time="29.475" errors="0" timestamp="2023-11-02T13:42:12 IST" skipped="0">
  <testcase classname="tsestone.TestUploadedImage.TestImage" name="checkWEbElemet" time="29.475"/>
  <system-out/>
</testsuite> <!-- tsestone.TestUploadedImage.TestImage -->
